<?xml version="1.0" encoding="UTF-8"?>
<testsuite xmlns:xsi="http://www.w3.org/2001/XMLSchema-instance" xsi:noNamespaceSchemaLocation="https://maven.apache.org/surefire/maven-surefire-plugin/xsd/surefire-test-report.xsd" version="3.0.2" name="reservas.demo.DemoApplicationTests" time="22.428" tests="1" errors="0" skipped="0" failures="0">
  <properties>
[...]
</properties>
  <testcase name="contextLoads" classname="reservas.demo.DemoApplicationTests" time="1.326">
    <system-out><![CDATA[07:13:47.205 [main] INFO org.springframework.test.context.support.AnnotationConfigContextLoaderUtils -- Could not detect default configuration classes for test class [reservas.demo.DemoApplicationTests]: DemoApplicationTests does not declare any static, non-private, non-final, nested classes annotated with @Configuration.
07:13:47.421 [main] INFO org.springframework.boot.test.context.SpringBootTestContextBootstrapper -- Found @SpringBootConfiguration reservas.demo.DemoApplication for test class reservas.demo.DemoApplicationTests
07:13:47.787 [main] INFO org.springframework.boot.devtools.restart.RestartApplicationListener -- Restart disabled due to context in which it is running

  .   ____          _            __ _ _
 /\\ / ___'_ __ _ _(_)_ __  __ _ \ \ \ \
( ( )\___ | '_ | '_| | '_ \/ _` | \ \ \ \
 \\/  ___)| |_)| | | | | || (_| |  ) ) ) )
  '  |____| .__|_| |_|_| |_\__, | / / / /
 =========|_|==============|___/=/_/_/_/

 :: Spring Boot ::                (v3.5.0)

2025-11-19T07:13:48.364-04:00  INFO 16504 --- [demo] [           main] reservas.demo.DemoApplicationTests       : Starting DemoApplicationTests using Java 24.0.1 with PID 16504 (started by JUAN CARLOS in D:\proy_matadero\BACKEND\backendNoviembre\sistemas_pedidos)
2025-11-19T07:13:48.366-04:00  INFO 16504 --- [demo] [           main] reservas.demo.DemoApplicationTests       : No active profile set, falling back to 1 default profile: "default"
2025-11-19T07:13:50.252-04:00  INFO 16504 --- [demo] [           main] .s.d.r.c.RepositoryConfigurationDelegate : Bootstrapping Spring Data JPA repositories in DEFAULT mode.
2025-11-19T07:13:50.618-04:00  INFO 16504 --- [demo] [           main] .s.d.r.c.RepositoryConfigurationDelegate : Finished Spring Data repository scanning in 349 ms. Found 8 JPA repository interfaces.
2025-11-19T07:13:51.614-04:00  INFO 16504 --- [demo] [           main] o.hibernate.jpa.internal.util.LogHelper  : HHH000204: Processing PersistenceUnitInfo [name: default]
2025-11-19T07:13:51.728-04:00  INFO 16504 --- [demo] [           main] org.hibernate.Version                    : HHH000412: Hibernate ORM core version 6.6.15.Final
2025-11-19T07:13:51.807-04:00  INFO 16504 --- [demo] [           main] o.h.c.internal.RegionFactoryInitiator    : HHH000026: Second-level cache disabled
2025-11-19T07:13:52.661-04:00  INFO 16504 --- [demo] [           main] o.s.o.j.p.SpringPersistenceUnitInfo      : No LoadTimeWeaver setup: ignoring JPA class transformer
2025-11-19T07:13:52.738-04:00  INFO 16504 --- [demo] [           main] com.zaxxer.hikari.HikariDataSource       : HikariPool-1 - Starting...
2025-11-19T07:13:55.730-04:00  INFO 16504 --- [demo] [           main] com.zaxxer.hikari.pool.HikariPool        : HikariPool-1 - Added connection org.postgresql.jdbc.PgConnection@4ed19b69
2025-11-19T07:13:55.735-04:00  INFO 16504 --- [demo] [           main] com.zaxxer.hikari.HikariDataSource       : HikariPool-1 - Start completed.
2025-11-19T07:13:55.968-04:00  WARN 16504 --- [demo] [           main] org.hibernate.orm.deprecation            : HHH90000025: PostgreSQLDialect does not need to be specified explicitly using 'hibernate.dialect' (remove the property setting and it will be selected by default)
2025-11-19T07:13:56.284-04:00  INFO 16504 --- [demo] [           main] org.hibernate.orm.connections.pooling    : HHH10001005: Database info:
	Database JDBC URL [Connecting through datasource 'HikariDataSource (HikariPool-1)']
	Database driver: undefined/unknown
	Database version: 17.7
	Autocommit mode: undefined/unknown
	Isolation level: undefined/unknown
	Minimum pool size: undefined/unknown
	Maximum pool size: undefined/unknown
2025-11-19T07:13:59.844-04:00  INFO 16504 --- [demo] [           main] o.h.e.t.j.p.i.JtaPlatformInitiator       : HHH000489: No JTA platform available (set 'hibernate.transaction.jta.platform' to enable JTA platform integration)
2025-11-19T07:14:01.292-04:00  INFO 16504 --- [demo] [           main] j.LocalContainerEntityManagerFactoryBean : Initialized JPA EntityManagerFactory for persistence unit 'default'
2025-11-19T07:14:02.078-04:00  INFO 16504 --- [demo] [           main] o.s.d.j.r.query.QueryEnhancerFactory     : Hibernate is in classpath; If applicable, HQL parser will be used.
2025-11-19T07:14:05.335-04:00  INFO 16504 --- [demo] [           main] eAuthenticationProviderManagerConfigurer : Global AuthenticationManager configured with AuthenticationProvider bean with name authenticationProvider
2025-11-19T07:14:05.336-04:00  WARN 16504 --- [demo] [           main] r$InitializeUserDetailsManagerConfigurer : Global AuthenticationManager configured with an AuthenticationProvider bean. UserDetailsService beans will not be used by Spring Security for automatically configuring username/password login. Consider removing the AuthenticationProvider bean. Alternatively, consider using the UserDetailsService in a manually instantiated DaoAuthenticationProvider. If the current configuration is intentional, to turn off this warning, increase the logging level of 'org.springframework.security.config.annotation.authentication.configuration.InitializeUserDetailsBeanManagerConfigurer' to ERROR
2025-11-19T07:14:05.592-04:00  WARN 16504 --- [demo] [           main] JpaBaseConfiguration$JpaWebConfiguration : spring.jpa.open-in-view is enabled by default. Therefore, database queries may be performed during view rendering. Explicitly configure spring.jpa.open-in-view to disable this warning
2025-11-19T07:14:06.833-04:00 DEBUG 16504 --- [demo] [           main] o.s.s.web.DefaultSecurityFilterChain     : Will secure any request with filters: DisableEncodeUrlFilter, WebAsyncManagerIntegrationFilter, SecurityContextHolderFilter, HeaderWriterFilter, CorsFilter, LogoutFilter, JwtAuthenticationFilter, RequestCacheAwareFilter, SecurityContextHolderAwareRequestFilter, AnonymousAuthenticationFilter, SessionManagementFilter, ExceptionTranslationFilter, AuthorizationFilter
2025-11-19T07:14:07.980-04:00  INFO 16504 --- [demo] [           main] reservas.demo.DemoApplicationTests       : Started DemoApplicationTests in 20.227 seconds (process running for 22.023)
2025 Lista de reservas activas: 11
Hibernate: select r1_0.horar,r1_0.idreserva,o1_0.idoferta,r1_0.idcomprador,o1_0.idsocio from reserva r1_0 join oferta o1_0 on r1_0.idoferta=o1_0.idoferta where extract(year from o1_0.fechao)=? and extract(month from o1_0.fechao)=? and r1_0.estador='ACTIVA' and o1_0.estado='PAGADO'
🕐 No existen ofertas pagadas...
2025 Lista de reservas activas: 11
Hibernate: select r1_0.horar,r1_0.idreserva,o1_0.idoferta,r1_0.idcomprador,o1_0.idsocio from reserva r1_0 join oferta o1_0 on r1_0.idoferta=o1_0.idoferta where extract(year from o1_0.fechao)=? and extract(month from o1_0.fechao)=? and r1_0.estador='ACTIVA' and o1_0.estado='RESERVADO'
🕐 No existen reservas activas...
]]></system-out>
    <system-err><![CDATA[Mockito is currently self-attaching to enable the inline-mock-maker. This will no longer work in future releases of the JDK. Please add Mockito as an agent to your build as described in Mockito's documentation: https://javadoc.io/doc/org.mockito/mockito-core/latest/org.mockito/org/mockito/Mockito.html#0.3
WARNING: A Java agent has been loaded dynamically (C:\Users\JUAN CARLOS\.m2\repository\net\bytebuddy\byte-buddy-agent\1.17.5\byte-buddy-agent-1.17.5.jar)
WARNING: If a serviceability tool is in use, please run with -XX:+EnableDynamicAgentLoading to hide this warning
WARNING: If a serviceability tool is not in use, please run with -Djdk.instrument.traceUsage for more information
WARNING: Dynamic loading of agents will be disallowed by default in a future release
]]></system-err>
  </testcase>
</testsuite>